2024-02-07 20:54:34 [main] INFO  br.com.fstmkt.BackendApplication - Starting BackendApplication using Java 21.0.1 with PID 35388 (C:\Users\Marta\Desktop\Rodrigo\projetos\e-commerce\angular-spring-ecommerce\app\backend\build\classes\java\main started by Marta in C:\Users\Marta\Desktop\Rodrigo\projetos\e-commerce\angular-spring-ecommerce\app\backend)
2024-02-07 20:54:35 [main] INFO  br.com.fstmkt.BackendApplication - The following 1 profile is active: "dev"
2024-02-07 20:54:41 [main] INFO  o.s.d.r.c.RepositoryConfigurationDelegate - Bootstrapping Spring Data JPA repositories in DEFAULT mode.
2024-02-07 20:54:41 [main] INFO  o.s.d.r.c.RepositoryConfigurationDelegate - Finished Spring Data repository scanning in 349 ms. Found 1 JPA repository interface.
2024-02-07 20:54:44 [main] INFO  o.s.b.w.e.tomcat.TomcatWebServer - Tomcat initialized with port 8080 (http)
2024-02-07 20:54:44 [main] INFO  o.a.catalina.core.StandardService - Starting service [Tomcat]
2024-02-07 20:54:44 [main] INFO  o.a.catalina.core.StandardEngine - Starting Servlet engine: [Apache Tomcat/10.1.18]
2024-02-07 20:54:45 [main] INFO  o.a.c.c.C.[Tomcat].[localhost].[/] - Initializing Spring embedded WebApplicationContext
2024-02-07 20:54:45 [main] INFO  o.s.b.w.s.c.ServletWebServerApplicationContext - Root WebApplicationContext: initialization completed in 8889 ms
2024-02-07 20:54:46 [main] INFO  o.h.jpa.internal.util.LogHelper - HHH000204: Processing PersistenceUnitInfo [name: default]
2024-02-07 20:54:49 [main] INFO  org.hibernate.Version - HHH000412: Hibernate ORM core version 6.4.1.Final
2024-02-07 20:54:50 [main] INFO  o.h.c.i.RegionFactoryInitiator - HHH000026: Second-level cache disabled
2024-02-07 20:54:53 [main] INFO  o.s.o.j.p.SpringPersistenceUnitInfo - No LoadTimeWeaver setup: ignoring JPA class transformer
2024-02-07 20:54:53 [main] INFO  com.zaxxer.hikari.HikariDataSource - HikariPool-1 - Starting...
2024-02-07 20:54:55 [main] INFO  com.zaxxer.hikari.pool.HikariPool - HikariPool-1 - Added connection org.postgresql.jdbc.PgConnection@3de56885
2024-02-07 20:54:55 [main] INFO  com.zaxxer.hikari.HikariDataSource - HikariPool-1 - Start completed.
2024-02-07 20:55:05 [main] INFO  o.h.e.t.j.p.i.JtaPlatformInitiator - HHH000489: No JTA platform available (set 'hibernate.transaction.jta.platform' to enable JTA platform integration)
2024-02-07 20:55:06 [main] INFO  o.s.o.j.LocalContainerEntityManagerFactoryBean - Initialized JPA EntityManagerFactory for persistence unit 'default'
2024-02-07 20:55:08 [main] WARN  o.s.b.a.o.j.JpaBaseConfiguration$JpaWebConfiguration - spring.jpa.open-in-view is enabled by default. Therefore, database queries may be performed during view rendering. Explicitly configure spring.jpa.open-in-view to disable this warning
2024-02-07 20:55:09 [main] DEBUG o.s.w.s.m.m.a.RequestMappingHandlerMapping - 13 mappings in 'requestMappingHandlerMapping'
2024-02-07 20:55:09 [main] DEBUG o.s.w.s.h.SimpleUrlHandlerMapping - Patterns [/webjars/**, /**] in 'resourceHandlerMapping'
2024-02-07 20:55:09 [main] INFO  o.s.s.web.DefaultSecurityFilterChain - Will secure any request with [org.springframework.security.web.session.DisableEncodeUrlFilter@786de0a3, org.springframework.security.web.context.request.async.WebAsyncManagerIntegrationFilter@472dc215, org.springframework.security.web.context.SecurityContextHolderFilter@752573df, org.springframework.security.web.header.HeaderWriterFilter@252f00ba, org.springframework.web.filter.CorsFilter@1f031994, org.springframework.security.web.authentication.logout.LogoutFilter@628e0403, br.com.fstmkt.config.security.SecurityFilter@1a3e8b68, org.springframework.security.web.savedrequest.RequestCacheAwareFilter@7a5a26b7, org.springframework.security.web.servletapi.SecurityContextHolderAwareRequestFilter@3524ee20, org.springframework.security.web.authentication.AnonymousAuthenticationFilter@37bac0f4, org.springframework.security.web.session.SessionManagementFilter@4d9ad37e, org.springframework.security.web.access.ExceptionTranslationFilter@3a744e32, org.springframework.security.web.access.intercept.AuthorizationFilter@19983dd1]
2024-02-07 20:55:10 [main] DEBUG o.s.w.s.m.m.a.RequestMappingHandlerAdapter - ControllerAdvice beans: 0 @ModelAttribute, 0 @InitBinder, 1 RequestBodyAdvice, 1 ResponseBodyAdvice
2024-02-07 20:55:10 [main] DEBUG o.s.w.s.m.m.a.ExceptionHandlerExceptionResolver - ControllerAdvice beans: 0 @ExceptionHandler, 1 ResponseBodyAdvice
2024-02-07 20:55:10 [main] INFO  o.s.b.w.e.tomcat.TomcatWebServer - Tomcat started on port 8080 (http) with context path ''
2024-02-07 20:55:10 [main] INFO  br.com.fstmkt.BackendApplication - Started BackendApplication in 41.087 seconds (process running for 80.727)
2024-02-07 21:06:41 [http-nio-8080-exec-2] INFO  o.a.c.c.C.[Tomcat].[localhost].[/] - Initializing Spring DispatcherServlet 'dispatcherServlet'
2024-02-07 21:06:41 [http-nio-8080-exec-2] INFO  o.s.web.servlet.DispatcherServlet - Initializing Servlet 'dispatcherServlet'
2024-02-07 21:06:41 [http-nio-8080-exec-2] DEBUG o.s.web.servlet.DispatcherServlet - Detected StandardServletMultipartResolver
2024-02-07 21:06:41 [http-nio-8080-exec-2] DEBUG o.s.web.servlet.DispatcherServlet - Detected AcceptHeaderLocaleResolver
2024-02-07 21:06:41 [http-nio-8080-exec-2] DEBUG o.s.web.servlet.DispatcherServlet - Detected FixedThemeResolver
2024-02-07 21:06:41 [http-nio-8080-exec-2] DEBUG o.s.web.servlet.DispatcherServlet - Detected org.springframework.web.servlet.view.DefaultRequestToViewNameTranslator@6ed87b1c
2024-02-07 21:06:41 [http-nio-8080-exec-2] DEBUG o.s.web.servlet.DispatcherServlet - Detected org.springframework.web.servlet.support.SessionFlashMapManager@7d619bcb
2024-02-07 21:06:41 [http-nio-8080-exec-2] DEBUG o.s.web.servlet.DispatcherServlet - enableLoggingRequestDetails='false': request parameters and headers will be masked to prevent unsafe logging of potentially sensitive data
2024-02-07 21:06:41 [http-nio-8080-exec-2] INFO  o.s.web.servlet.DispatcherServlet - Completed initialization in 150 ms
2024-02-07 21:06:42 [http-nio-8080-exec-2] DEBUG o.s.web.servlet.DispatcherServlet - POST "/api/v1/auth", parameters={}
2024-02-07 21:06:42 [http-nio-8080-exec-2] WARN  o.s.w.s.m.s.DefaultHandlerExceptionResolver - Resolved [org.springframework.web.HttpMediaTypeNotSupportedException: Content-Type 'application/json' is not supported]
2024-02-07 21:06:42 [http-nio-8080-exec-2] DEBUG o.s.web.servlet.DispatcherServlet - Completed 415 UNSUPPORTED_MEDIA_TYPE
2024-02-07 21:06:42 [http-nio-8080-exec-2] ERROR o.s.s.web.AuthenticationEntryPoint - Unauthorized error: Full authentication is required to access this resource
2024-02-07 21:13:25 [http-nio-8080-exec-5] DEBUG o.s.web.servlet.DispatcherServlet - POST "/api/v1/auth", parameters={}
2024-02-07 21:13:26 [http-nio-8080-exec-5] WARN  o.s.w.s.m.s.DefaultHandlerExceptionResolver - Resolved [org.springframework.web.HttpMediaTypeNotSupportedException: Content-Type 'application/json' is not supported]
2024-02-07 21:13:26 [http-nio-8080-exec-5] DEBUG o.s.web.servlet.DispatcherServlet - Completed 415 UNSUPPORTED_MEDIA_TYPE
2024-02-07 21:14:54 [http-nio-8080-exec-5] ERROR o.s.s.web.AuthenticationEntryPoint - Unauthorized error: Full authentication is required to access this resource
2024-02-07 21:14:54 [HikariPool-1 housekeeper] WARN  com.zaxxer.hikari.pool.HikariPool - HikariPool-1 - Thread starvation or clock leap detected (housekeeper delta=1m57s387ms500µs600ns).
2024-02-07 21:15:29 [http-nio-8080-exec-6] DEBUG o.s.web.servlet.DispatcherServlet - POST "/api/v1/auth", parameters={}
2024-02-07 21:15:29 [http-nio-8080-exec-6] WARN  o.s.w.s.m.s.DefaultHandlerExceptionResolver - Resolved [org.springframework.web.HttpMediaTypeNotSupportedException: Content-Type 'application/json' is not supported]
2024-02-07 21:15:29 [http-nio-8080-exec-6] DEBUG o.s.web.servlet.DispatcherServlet - Completed 415 UNSUPPORTED_MEDIA_TYPE
2024-02-07 21:15:40 [http-nio-8080-exec-6] ERROR o.s.s.web.AuthenticationEntryPoint - Unauthorized error: Full authentication is required to access this resource
2024-02-07 21:20:04 [HikariPool-1 housekeeper] WARN  com.zaxxer.hikari.pool.HikariPool - HikariPool-1 - Thread starvation or clock leap detected (housekeeper delta=4m39s832ms493µs300ns).
2024-02-07 21:20:12 [SpringApplicationShutdownHook] INFO  o.s.o.j.LocalContainerEntityManagerFactoryBean - Closing JPA EntityManagerFactory for persistence unit 'default'
